<?xml version="1.0" encoding="UTF-8"?>
<!-- Generated by org.testng.reporters.JUnitXMLReporter -->
<testsuite ignored="0" hostname="LAPTOP-77GCKEU2" failures="0" tests="4" name="Default test" time="0.037" errors="0" timestamp="2022-03-21T09:12:23 CET">
  <testcase classname="entornos.NewTest" name="testSuma" time="0.006"/>
  <testcase classname="entornos.NewTest" name="testResta" time="0.001"/>
  <testcase classname="entornos.NewTest" name="testMultiplicacion" time="0.001"/>
  <testcase classname="entornos.NewTest" name="testDivision" time="0.001"/>
</testsuite> <!-- Default test -->
