<?xml version="1.0" encoding="UTF-8"?>
<testng-results ignored="0" total="4" passed="4" failed="0" skipped="0">
  <reporter-output>
  </reporter-output>
  <suite started-at="2022-03-21T09:12:23 CET" name="Default suite" finished-at="2022-03-21T09:12:23 CET" duration-ms="37">
    <groups>
    </groups>
    <test started-at="2022-03-21T09:12:23 CET" name="Default test" finished-at="2022-03-21T09:12:23 CET" duration-ms="37">
      <class name="entornos.NewTest">
        <test-method is-config="true" signature="beforeTest()[pri:0, instance:entornos.NewTest@3d680b5a]" started-at="2022-03-21T09:12:23 CET" name="beforeTest" finished-at="2022-03-21T09:12:23 CET" duration-ms="5" status="PASS">
          <reporter-output>
          </reporter-output>
        </test-method> <!-- beforeTest -->
        <test-method signature="testSuma()[pri:1, instance:entornos.NewTest@3d680b5a]" started-at="2022-03-21T09:12:23 CET" name="testSuma" finished-at="2022-03-21T09:12:23 CET" duration-ms="6" status="PASS">
          <reporter-output>
          </reporter-output>
        </test-method> <!-- testSuma -->
        <test-method signature="testResta()[pri:2, instance:entornos.NewTest@3d680b5a]" started-at="2022-03-21T09:12:23 CET" name="testResta" finished-at="2022-03-21T09:12:23 CET" duration-ms="1" status="PASS">
          <reporter-output>
          </reporter-output>
        </test-method> <!-- testResta -->
        <test-method signature="testMultiplicacion()[pri:3, instance:entornos.NewTest@3d680b5a]" started-at="2022-03-21T09:12:23 CET" name="testMultiplicacion" finished-at="2022-03-21T09:12:23 CET" duration-ms="1" status="PASS">
          <reporter-output>
          </reporter-output>
        </test-method> <!-- testMultiplicacion -->
        <test-method signature="testDivision()[pri:4, instance:entornos.NewTest@3d680b5a]" started-at="2022-03-21T09:12:23 CET" name="testDivision" finished-at="2022-03-21T09:12:23 CET" duration-ms="1" status="PASS">
          <reporter-output>
          </reporter-output>
        </test-method> <!-- testDivision -->
        <test-method is-config="true" signature="afterTest()[pri:0, instance:entornos.NewTest@3d680b5a]" started-at="2022-03-21T09:12:23 CET" name="afterTest" finished-at="2022-03-21T09:12:23 CET" duration-ms="0" status="PASS">
          <reporter-output>
          </reporter-output>
        </test-method> <!-- afterTest -->
      </class> <!-- entornos.NewTest -->
    </test> <!-- Default test -->
  </suite> <!-- Default suite -->
</testng-results>
